app/build/intermediates/manifest_merge_blame_file/debug/processDebugMainManifest/manifest-merger-blame-debug-report.txt
1<?xml version="1.0" encoding="utf-8"?>
2<manifest xmlns:android="http://schemas.android.com/apk/res/android"
3    package="com.example.learnenglish"
4    android:versionCode="1"
5    android:versionName="1.0" >
6
7    <uses-sdk
8        android:minSdkVersion="15"
9        android:targetSdkVersion="28" />
10
11    <!-- Quyền truy cập mạng -->
12    <uses-permission android:name="android.permission.INTERNET" />
12-->src\main\AndroidManifest.xml:6:5-67
12-->src\main\AndroidManifest.xml:6:22-64
13    <uses-permission android:name="android.permission.ACCESS_NETWORK_STATE" />
13-->src\main\AndroidManifest.xml:7:5-79
13-->src\main\AndroidManifest.xml:7:22-76
14    <uses-permission android:name="android.permission.WRITE_EXTERNAL_STORAGE" />
14-->src\main\AndroidManifest.xml:8:5-81
14-->src\main\AndroidManifest.xml:8:22-78
15    <uses-permission android:name="android.permission.READ_EXTERNAL_STORAGE" />
15-->src\main\AndroidManifest.xml:9:5-80
15-->src\main\AndroidManifest.xml:9:22-77
16
17    <application
17-->src\main\AndroidManifest.xml:11:5-54:19
18        android:allowBackup="true"
18-->src\main\AndroidManifest.xml:12:9-35
19        android:appComponentFactory="android.support.v4.app.CoreComponentFactory"
19-->[com.android.support:support-compat:28.0.0] AndroidManifest.xml:22:18-91
20        android:debuggable="true"
21        android:extractNativeLibs="true"
22        android:icon="@mipmap/ic_launcher"
22-->src\main\AndroidManifest.xml:13:9-43
23        android:label="@string/app_name"
23-->src\main\AndroidManifest.xml:14:9-41
24        android:roundIcon="@mipmap/ic_launcher_round"
24-->src\main\AndroidManifest.xml:15:9-54
25        android:supportsRtl="true"
25-->src\main\AndroidManifest.xml:16:9-35
26        android:testOnly="true"
27        android:theme="@style/AppTheme" >
27-->src\main\AndroidManifest.xml:17:9-40
28        <activity android:name="com.example.learnenglish.activity.QuizActivity" />
28-->src\main\AndroidManifest.xml:21:9-68
28-->src\main\AndroidManifest.xml:21:19-56
29        <activity android:name="com.example.learnenglish.activity.SelectUnitActivity" />
29-->src\main\AndroidManifest.xml:22:9-74
29-->src\main\AndroidManifest.xml:22:19-62
30        <activity android:name="com.example.learnenglish.activity.ResultActivity" />
30-->src\main\AndroidManifest.xml:23:9-70
30-->src\main\AndroidManifest.xml:23:19-58
31        <activity
31-->src\main\AndroidManifest.xml:24:9-25:49
32            android:name="com.example.learnenglish.activity.MainActivity"
32-->src\main\AndroidManifest.xml:24:19-56
33            android:exported="false" />
33-->src\main\AndroidManifest.xml:25:13-37
34        <activity android:name="com.example.learnenglish.activity.SignupActivity" />
34-->src\main\AndroidManifest.xml:26:9-70
34-->src\main\AndroidManifest.xml:26:19-58
35
36        <meta-data
36-->src\main\AndroidManifest.xml:33:9-35:55
37            android:name="com.facebook.sdk.ApplicationId"
37-->src\main\AndroidManifest.xml:34:13-58
38            android:value="@string/facebook_app_id" />
38-->src\main\AndroidManifest.xml:35:13-52
39
40        <activity android:name="com.example.learnenglish.activity.ChatActivity" />
40-->src\main\AndroidManifest.xml:38:9-58
40-->src\main\AndroidManifest.xml:38:19-56
41        <activity
41-->src\main\AndroidManifest.xml:40:9-47:20
42            android:name="com.example.learnenglish.activity.LoginActivity"
42-->src\main\AndroidManifest.xml:41:13-51
43            android:theme="@style/AppTheme.NoActionBar" >
43-->src\main\AndroidManifest.xml:42:13-56
44            <intent-filter>
44-->src\main\AndroidManifest.xml:43:13-46:29
45                <action android:name="android.intent.action.MAIN" />
45-->src\main\AndroidManifest.xml:44:17-69
45-->src\main\AndroidManifest.xml:44:25-66
46
47                <category android:name="android.intent.category.LAUNCHER" />
47-->src\main\AndroidManifest.xml:45:17-77
47-->src\main\AndroidManifest.xml:45:27-74
48            </intent-filter>
49        </activity>
50
51        <provider
51-->src\main\AndroidManifest.xml:50:9-53:39
52            android:name="com.facebook.FacebookContentProvider"
52-->src\main\AndroidManifest.xml:51:13-64
53            android:authorities="com.facebook.app.FacebookContentProvider338898916828124"
53-->src\main\AndroidManifest.xml:52:13-90
54            android:exported="true" />
54-->src\main\AndroidManifest.xml:53:13-36
55
56        <activity
56-->[com.facebook.android:facebook-common:4.42.0] AndroidManifest.xml:29:9-32:66
57            android:name="com.facebook.FacebookActivity"
57-->[com.facebook.android:facebook-common:4.42.0] AndroidManifest.xml:30:13-57
58            android:configChanges="keyboard|keyboardHidden|screenLayout|screenSize|orientation"
58-->[com.facebook.android:facebook-common:4.42.0] AndroidManifest.xml:31:13-96
59            android:theme="@style/com_facebook_activity_theme" />
59-->[com.facebook.android:facebook-common:4.42.0] AndroidManifest.xml:32:13-63
60        <activity android:name="com.facebook.CustomTabMainActivity" />
60-->[com.facebook.android:facebook-common:4.42.0] AndroidManifest.xml:33:9-71
60-->[com.facebook.android:facebook-common:4.42.0] AndroidManifest.xml:33:19-68
61        <activity android:name="com.facebook.CustomTabActivity" />
61-->[com.facebook.android:facebook-common:4.42.0] AndroidManifest.xml:34:9-67
61-->[com.facebook.android:facebook-common:4.42.0] AndroidManifest.xml:34:19-64
62        <activity
62-->[com.google.firebase:firebase-auth:16.0.3] AndroidManifest.xml:23:9-29:75
63            android:name="com.google.firebase.auth.internal.FederatedSignInActivity"
63-->[com.google.firebase:firebase-auth:16.0.3] AndroidManifest.xml:24:13-85
64            android:excludeFromRecents="true"
64-->[com.google.firebase:firebase-auth:16.0.3] AndroidManifest.xml:25:13-46
65            android:exported="true"
65-->[com.google.firebase:firebase-auth:16.0.3] AndroidManifest.xml:26:13-36
66            android:launchMode="singleInstance"
66-->[com.google.firebase:firebase-auth:16.0.3] AndroidManifest.xml:27:13-48
67            android:permission="com.google.firebase.auth.api.gms.permission.LAUNCH_FEDERATED_SIGN_IN"
67-->[com.google.firebase:firebase-auth:16.0.3] AndroidManifest.xml:28:13-102
68            android:theme="@android:style/Theme.Translucent.NoTitleBar" />
68-->[com.google.firebase:firebase-auth:16.0.3] AndroidManifest.xml:29:13-72
69
70        <service android:name="com.google.firebase.components.ComponentDiscoveryService" >
70-->[com.google.firebase:firebase-auth:16.0.3] AndroidManifest.xml:31:9-35:19
70-->[com.google.firebase:firebase-auth:16.0.3] AndroidManifest.xml:31:18-89
71            <meta-data
71-->[com.google.firebase:firebase-auth:16.0.3] AndroidManifest.xml:32:13-34:85
72                android:name="com.google.firebase.components:com.google.firebase.auth.FirebaseAuthRegistrar"
72-->[com.google.firebase:firebase-auth:16.0.3] AndroidManifest.xml:33:17-109
73                android:value="com.google.firebase.components.ComponentRegistrar" />
73-->[com.google.firebase:firebase-auth:16.0.3] AndroidManifest.xml:34:17-82
74        </service>
75
76        <activity
76-->[com.google.android.gms:play-services-base:16.0.1] AndroidManifest.xml:23:9-26:75
77            android:name="com.google.android.gms.common.api.GoogleApiActivity"
77-->[com.google.android.gms:play-services-base:16.0.1] AndroidManifest.xml:24:13-79
78            android:exported="false"
78-->[com.google.android.gms:play-services-base:16.0.1] AndroidManifest.xml:25:13-37
79            android:theme="@android:style/Theme.Translucent.NoTitleBar" />
79-->[com.google.android.gms:play-services-base:16.0.1] AndroidManifest.xml:26:13-72
80
81        <provider
81-->[com.google.firebase:firebase-common:16.0.4] AndroidManifest.xml:10:9-14:39
82            android:name="com.google.firebase.provider.FirebaseInitProvider"
82-->[com.google.firebase:firebase-common:16.0.4] AndroidManifest.xml:11:13-77
83            android:authorities="com.example.learnenglish.firebaseinitprovider"
83-->[com.google.firebase:firebase-common:16.0.4] AndroidManifest.xml:12:13-72
84            android:exported="false"
84-->[com.google.firebase:firebase-common:16.0.4] AndroidManifest.xml:13:13-37
85            android:initOrder="100" />
85-->[com.google.firebase:firebase-common:16.0.4] AndroidManifest.xml:14:13-36
86
87        <meta-data
87-->[com.google.android.gms:play-services-basement:16.0.1] AndroidManifest.xml:23:9-25:69
88            android:name="com.google.android.gms.version"
88-->[com.google.android.gms:play-services-basement:16.0.1] AndroidManifest.xml:24:13-58
89            android:value="@integer/google_play_services_version" />
89-->[com.google.android.gms:play-services-basement:16.0.1] AndroidManifest.xml:25:13-66
90        <!--
91         The initialization ContentProvider will call FacebookSdk.sdkInitialize automatically
92         with the application context. This config is merged in with the host app's manifest,
93         but there can only be one provider with the same authority activated at any given
94         point; so if the end user has two or more different apps that use Facebook SDK, only the
95         first one will be able to use the provider. To work around this problem, we use the
96         following placeholder in the authority to identify each host application as if it was
97         a completely different provider.
98        -->
99        <provider
99-->[com.facebook.android:facebook-core:4.42.0] AndroidManifest.xml:39:9-42:40
100            android:name="com.facebook.internal.FacebookInitProvider"
100-->[com.facebook.android:facebook-core:4.42.0] AndroidManifest.xml:40:13-70
101            android:authorities="com.example.learnenglish.FacebookInitProvider"
101-->[com.facebook.android:facebook-core:4.42.0] AndroidManifest.xml:41:13-72
102            android:exported="false" />
102-->[com.facebook.android:facebook-core:4.42.0] AndroidManifest.xml:42:13-37
103
104        <receiver
104-->[com.facebook.android:facebook-core:4.42.0] AndroidManifest.xml:44:9-50:20
105            android:name="com.facebook.CurrentAccessTokenExpirationBroadcastReceiver"
105-->[com.facebook.android:facebook-core:4.42.0] AndroidManifest.xml:45:13-86
106            android:exported="false" >
106-->[com.facebook.android:facebook-core:4.42.0] AndroidManifest.xml:46:13-37
107            <intent-filter>
107-->[com.facebook.android:facebook-core:4.42.0] AndroidManifest.xml:47:13-49:29
108                <action android:name="com.facebook.sdk.ACTION_CURRENT_ACCESS_TOKEN_CHANGED" />
108-->[com.facebook.android:facebook-core:4.42.0] AndroidManifest.xml:48:17-95
108-->[com.facebook.android:facebook-core:4.42.0] AndroidManifest.xml:48:25-92
109            </intent-filter>
110        </receiver>
111    </application>
112
113</manifest>